#-----------------------------------------------------------
# Vivado v2021.1 (64-bit)
# SW Build 3247384 on Thu Jun 10 19:36:33 MDT 2021
# IP Build 3246043 on Fri Jun 11 00:30:35 MDT 2021
# Start of session at: Sun Nov 13 13:42:37 2022
# Process ID: 6400
# Current directory: G:/备份/2022年11月13日小论文写完了进行一次备份/桌面/my_cnn/denoise
# Command line: vivado.exe -gui_launcher_event rodinguilauncherevent14308 G:\备份\2022年11月13日小论文写完了进行一次备份\桌面\my_cnn\denoise\denoise.xpr
# Log file: G:/备份/2022年11月13日小论文写完了进行一次备份/桌面/my_cnn/denoise/vivado.log
# Journal file: G:/备份/2022年11月13日小论文写完了进行一次备份/桌面/my_cnn/denoise\vivado.jou
#-----------------------------------------------------------
start_gui
open_project G:/备份/2022年11月13日小论文写完了进行一次备份/桌面/my_cnn/denoise/denoise.xpr
INFO: [Project 1-313] Project file moved from 'C:/Users/wwwka/Desktop/my_cnn/denoise' since last save.
Scanning sources...
Finished scanning sources
INFO: [IP_Flow 19-234] Refreshing IP repositories
INFO: [IP_Flow 19-1700] Loaded user IP repository 'g:/备份/2022年11月13日小论文写完了进行一次备份/桌面/my_cnn/the_ip/the_controller_axi_1.0'.
INFO: [IP_Flow 19-1700] Loaded user IP repository 'g:/备份/2022年11月13日小论文写完了进行一次备份/桌面/my_cnn/denoise/iprepo'.
INFO: [IP_Flow 19-2313] Loaded Vivado IP repository 'C:/Xilinx/Vivado/2021.1/data/ip'.
open_project: Time (s): cpu = 00:00:34 ; elapsed = 00:00:17 . Memory (MB): peak = 1257.648 ; gain = 0.000
update_compile_order -fileset sources_1
launch_simulation
Command: launch_simulation 
INFO: [Vivado 12-12493] Simulation top is 'top_tb'
INFO: [Vivado 12-12490] The selected simulation model for 'system_auto_ds_0' IP changed to 'rtl' from '', the simulation run directory will be deleted.
INFO: [Vivado 12-5698] Checking validity of IPs in the design for the 'XSim' simulator...
INFO: [Runs 36-567] Checking/generating simulation output products for IPs/BDs (if any)...
INFO: [Vivado 12-5682] Launching behavioral simulation in 'G:/备份/2022年11月13日小论文写完了进行一次备份/桌面/my_cnn/denoise/denoise.sim/sim_1/behav/xsim'
INFO: [Vivado 12-4795] Using compiled simulation libraries for IPs
INFO: [Common 17-41] Interrupt caught. Command should exit soon.
