
*** Running vivado
    with args -log clk_wiz_0.vds -m64 -product Vivado -mode batch -messageDb vivado.pb -notrace -source clk_wiz_0.tcl



****** Vivado v2021.1 (64-bit)
  **** SW Build 3247384 on Thu Jun 10 19:36:33 MDT 2021
  **** IP Build 3246043 on Fri Jun 11 00:30:35 MDT 2021
    ** Copyright 1986-2021 Xilinx, Inc. All Rights Reserved.

source clk_wiz_0.tcl -notrace
INFO: [IP_Flow 19-234] Refreshing IP repositories
INFO: [IP_Flow 19-1700] Loaded user IP repository 'c:/Users/wwwka/Desktop/my_cnn/denoise/iprepo'.
INFO: [IP_Flow 19-2313] Loaded Vivado IP repository 'C:/Xilinx/Vivado/2021.1/data/ip'.
Command: synth_design -top clk_wiz_0 -part xczu3eg-sbva484-2-i -mode out_of_context
Starting synth_design
Attempting to get a license for feature 'Synthesis' and/or device 'xczu3eg'
INFO: [Common 17-349] Got license for feature 'Synthesis' and/or device 'xczu3eg'
INFO: [Device 21-403] Loading part xczu3eg-sbva484-2-i
INFO: [Synth 8-7079] Multithreading enabled for synth_design using a maximum of 2 processes.
INFO: [Synth 8-7078] Launching helper process for spawning children vivado processes
INFO: [Synth 8-7075] Helper process launched with PID 24956
---------------------------------------------------------------------------------
Starting RTL Elaboration : Time (s): cpu = 00:00:06 ; elapsed = 00:00:06 . Memory (MB): peak = 1569.523 ; gain = 126.496
---------------------------------------------------------------------------------
INFO: [Synth 8-6157] synthesizing module 'clk_wiz_0' [c:/Users/wwwka/Desktop/my_cnn/denoise/denoise.gen/sources_1/ip/clk_wiz_0/clk_wiz_0.v:70]
INFO: [Synth 8-6157] synthesizing module 'clk_wiz_0_clk_wiz' [c:/Users/wwwka/Desktop/my_cnn/denoise/denoise.gen/sources_1/ip/clk_wiz_0/clk_wiz_0_clk_wiz.v:68]
INFO: [Synth 8-6157] synthesizing module 'IBUFDS' [C:/Xilinx/Vivado/2021.1/scripts/rt/data/unisim_comp.v:51672]
INFO: [Synth 8-6155] done synthesizing module 'IBUFDS' (1#1) [C:/Xilinx/Vivado/2021.1/scripts/rt/data/unisim_comp.v:51672]
INFO: [Synth 8-6157] synthesizing module 'PLLE4_ADV' [C:/Xilinx/Vivado/2021.1/scripts/rt/data/unisim_comp.v:84696]
	Parameter CLKFBOUT_MULT bound to: 8 - type: integer 
	Parameter CLKFBOUT_PHASE bound to: 0.000000 - type: double 
	Parameter CLKIN_PERIOD bound to: 10.000000 - type: double 
	Parameter CLKOUT0_DIVIDE bound to: 4 - type: integer 
	Parameter CLKOUT0_DUTY_CYCLE bound to: 0.500000 - type: double 
	Parameter CLKOUT0_PHASE bound to: 0.000000 - type: double 
	Parameter COMPENSATION bound to: AUTO - type: string 
	Parameter DIVCLK_DIVIDE bound to: 1 - type: integer 
	Parameter STARTUP_WAIT bound to: FALSE - type: string 
INFO: [Synth 8-6155] done synthesizing module 'PLLE4_ADV' (2#1) [C:/Xilinx/Vivado/2021.1/scripts/rt/data/unisim_comp.v:84696]
INFO: [Synth 8-6157] synthesizing module 'BUFG' [C:/Xilinx/Vivado/2021.1/scripts/rt/data/unisim_comp.v:1083]
INFO: [Synth 8-6155] done synthesizing module 'BUFG' (3#1) [C:/Xilinx/Vivado/2021.1/scripts/rt/data/unisim_comp.v:1083]
INFO: [Synth 8-6155] done synthesizing module 'clk_wiz_0_clk_wiz' (4#1) [c:/Users/wwwka/Desktop/my_cnn/denoise/denoise.gen/sources_1/ip/clk_wiz_0/clk_wiz_0_clk_wiz.v:68]
INFO: [Synth 8-6155] done synthesizing module 'clk_wiz_0' (5#1) [c:/Users/wwwka/Desktop/my_cnn/denoise/denoise.gen/sources_1/ip/clk_wiz_0/clk_wiz_0.v:70]
---------------------------------------------------------------------------------
Finished RTL Elaboration : Time (s): cpu = 00:00:07 ; elapsed = 00:00:08 . Memory (MB): peak = 1620.773 ; gain = 177.746
---------------------------------------------------------------------------------
---------------------------------------------------------------------------------
Start Handling Custom Attributes
---------------------------------------------------------------------------------
---------------------------------------------------------------------------------
Finished Handling Custom Attributes : Time (s): cpu = 00:00:07 ; elapsed = 00:00:09 . Memory (MB): peak = 1638.688 ; gain = 195.660
---------------------------------------------------------------------------------
---------------------------------------------------------------------------------
Finished RTL Optimization Phase 1 : Time (s): cpu = 00:00:07 ; elapsed = 00:00:09 . Memory (MB): peak = 1638.688 ; gain = 195.660
---------------------------------------------------------------------------------
Netlist sorting complete. Time (s): cpu = 00:00:00 ; elapsed = 00:00:00 . Memory (MB): peak = 1650.754 ; gain = 0.000
INFO: [Netlist 29-17] Analyzing 3 Unisim elements for replacement
INFO: [Netlist 29-28] Unisim Transformation completed in 0 CPU seconds
INFO: [Project 1-570] Preparing netlist for logic optimization

Processing XDC Constraints
Initializing timing engine
Parsing XDC File [c:/Users/wwwka/Desktop/my_cnn/denoise/denoise.gen/sources_1/ip/clk_wiz_0/clk_wiz_0_ooc.xdc] for cell 'inst'
Finished Parsing XDC File [c:/Users/wwwka/Desktop/my_cnn/denoise/denoise.gen/sources_1/ip/clk_wiz_0/clk_wiz_0_ooc.xdc] for cell 'inst'
Parsing XDC File [c:/Users/wwwka/Desktop/my_cnn/denoise/denoise.gen/sources_1/ip/clk_wiz_0/clk_wiz_0_board.xdc] for cell 'inst'
Finished Parsing XDC File [c:/Users/wwwka/Desktop/my_cnn/denoise/denoise.gen/sources_1/ip/clk_wiz_0/clk_wiz_0_board.xdc] for cell 'inst'
Parsing XDC File [c:/Users/wwwka/Desktop/my_cnn/denoise/denoise.gen/sources_1/ip/clk_wiz_0/clk_wiz_0.xdc] for cell 'inst'
create_clock: Time (s): cpu = 00:00:07 ; elapsed = 00:00:07 . Memory (MB): peak = 1687.281 ; gain = 1.031
Finished Parsing XDC File [c:/Users/wwwka/Desktop/my_cnn/denoise/denoise.gen/sources_1/ip/clk_wiz_0/clk_wiz_0.xdc] for cell 'inst'
INFO: [Project 1-236] Implementation specific constraints were found while reading constraint file [c:/Users/wwwka/Desktop/my_cnn/denoise/denoise.gen/sources_1/ip/clk_wiz_0/clk_wiz_0.xdc]. These constraints will be ignored for synthesis but will be used in implementation. Impacted constraints are listed in the file [.Xil/clk_wiz_0_propImpl.xdc].
Resolution: To avoid this warning, move constraints listed in [.Xil/clk_wiz_0_propImpl.xdc] to another XDC file and exclude this new file from synthesis with the used_in_synthesis property (File Properties dialog in GUI) and re-run elaboration/synthesis.
INFO: [Timing 38-2] Deriving generated clocks
Parsing XDC File [C:/Users/wwwka/Desktop/my_cnn/denoise/denoise.runs/clk_wiz_0_synth_1/dont_touch.xdc]
Finished Parsing XDC File [C:/Users/wwwka/Desktop/my_cnn/denoise/denoise.runs/clk_wiz_0_synth_1/dont_touch.xdc]
Completed Processing XDC Constraints

Netlist sorting complete. Time (s): cpu = 00:00:00 ; elapsed = 00:00:00 . Memory (MB): peak = 1687.281 ; gain = 0.000
INFO: [Project 1-111] Unisim Transformation Summary:
  A total of 2 instances were transformed.
  BUFG => BUFGCE: 1 instance 
  IBUFDS => IBUFDS (DIFFINBUF, IBUFCTRL): 1 instance 

Constraint Validation Runtime : Time (s): cpu = 00:00:00 ; elapsed = 00:00:00.021 . Memory (MB): peak = 1687.281 ; gain = 0.000
---------------------------------------------------------------------------------
Finished Constraint Validation : Time (s): cpu = 00:00:23 ; elapsed = 00:00:25 . Memory (MB): peak = 1687.281 ; gain = 244.254
---------------------------------------------------------------------------------
---------------------------------------------------------------------------------
Start Loading Part and Timing Information
---------------------------------------------------------------------------------
Loading part: xczu3eg-sbva484-2-i
INFO: [Synth 8-6742] Reading net delay rules and data
---------------------------------------------------------------------------------
Finished Loading Part and Timing Information : Time (s): cpu = 00:00:23 ; elapsed = 00:00:25 . Memory (MB): peak = 1687.281 ; gain = 244.254
---------------------------------------------------------------------------------
---------------------------------------------------------------------------------
Start Applying 'set_property' XDC Constraints
---------------------------------------------------------------------------------
Applied set_property KEEP_HIERARCHY = SOFT for inst. (constraint file  C:/Users/wwwka/Desktop/my_cnn/denoise/denoise.runs/clk_wiz_0_synth_1/dont_touch.xdc, line 9).
---------------------------------------------------------------------------------
Finished applying 'set_property' XDC Constraints : Time (s): cpu = 00:00:23 ; elapsed = 00:00:25 . Memory (MB): peak = 1687.281 ; gain = 244.254
---------------------------------------------------------------------------------
---------------------------------------------------------------------------------
Finished RTL Optimization Phase 2 : Time (s): cpu = 00:00:23 ; elapsed = 00:00:26 . Memory (MB): peak = 1687.281 ; gain = 244.254
---------------------------------------------------------------------------------
---------------------------------------------------------------------------------
Start RTL Component Statistics 
---------------------------------------------------------------------------------
Detailed RTL Component Info : 
---------------------------------------------------------------------------------
Finished RTL Component Statistics 
---------------------------------------------------------------------------------
---------------------------------------------------------------------------------
Start Part Resource Summary
---------------------------------------------------------------------------------
Part Resources:
DSPs: 360 (col length:72)
BRAMs: 432 (col length: RAMB18 72 RAMB36 36)
---------------------------------------------------------------------------------
Finished Part Resource Summary
---------------------------------------------------------------------------------
---------------------------------------------------------------------------------
Start Cross Boundary and Area Optimization
---------------------------------------------------------------------------------
---------------------------------------------------------------------------------
Finished Cross Boundary and Area Optimization : Time (s): cpu = 00:00:25 ; elapsed = 00:00:28 . Memory (MB): peak = 1687.281 ; gain = 244.254
---------------------------------------------------------------------------------
---------------------------------------------------------------------------------
Start Applying XDC Timing Constraints
---------------------------------------------------------------------------------
---------------------------------------------------------------------------------
Finished Applying XDC Timing Constraints : Time (s): cpu = 00:00:38 ; elapsed = 00:00:43 . Memory (MB): peak = 2241.855 ; gain = 798.828
---------------------------------------------------------------------------------
---------------------------------------------------------------------------------
Start Timing Optimization
---------------------------------------------------------------------------------
---------------------------------------------------------------------------------
Finished Timing Optimization : Time (s): cpu = 00:00:38 ; elapsed = 00:00:43 . Memory (MB): peak = 2241.855 ; gain = 798.828
---------------------------------------------------------------------------------
---------------------------------------------------------------------------------
Start Technology Mapping
---------------------------------------------------------------------------------
---------------------------------------------------------------------------------
Finished Technology Mapping : Time (s): cpu = 00:00:38 ; elapsed = 00:00:43 . Memory (MB): peak = 2260.930 ; gain = 817.902
---------------------------------------------------------------------------------
---------------------------------------------------------------------------------
Start IO Insertion
---------------------------------------------------------------------------------
---------------------------------------------------------------------------------
Start Flattening Before IO Insertion
---------------------------------------------------------------------------------
---------------------------------------------------------------------------------
Finished Flattening Before IO Insertion
---------------------------------------------------------------------------------
---------------------------------------------------------------------------------
Start Final Netlist Cleanup
---------------------------------------------------------------------------------
---------------------------------------------------------------------------------
Finished Final Netlist Cleanup
---------------------------------------------------------------------------------
---------------------------------------------------------------------------------
Finished IO Insertion : Time (s): cpu = 00:00:43 ; elapsed = 00:00:48 . Memory (MB): peak = 2266.742 ; gain = 823.715
---------------------------------------------------------------------------------
---------------------------------------------------------------------------------
Start Renaming Generated Instances
---------------------------------------------------------------------------------
---------------------------------------------------------------------------------
Finished Renaming Generated Instances : Time (s): cpu = 00:00:43 ; elapsed = 00:00:48 . Memory (MB): peak = 2266.742 ; gain = 823.715
---------------------------------------------------------------------------------
---------------------------------------------------------------------------------
Start Rebuilding User Hierarchy
---------------------------------------------------------------------------------
---------------------------------------------------------------------------------
Finished Rebuilding User Hierarchy : Time (s): cpu = 00:00:43 ; elapsed = 00:00:48 . Memory (MB): peak = 2266.742 ; gain = 823.715
---------------------------------------------------------------------------------
---------------------------------------------------------------------------------
Start Renaming Generated Ports
---------------------------------------------------------------------------------
---------------------------------------------------------------------------------
Finished Renaming Generated Ports : Time (s): cpu = 00:00:43 ; elapsed = 00:00:48 . Memory (MB): peak = 2266.742 ; gain = 823.715
---------------------------------------------------------------------------------
---------------------------------------------------------------------------------
Start Handling Custom Attributes
---------------------------------------------------------------------------------
---------------------------------------------------------------------------------
Finished Handling Custom Attributes : Time (s): cpu = 00:00:43 ; elapsed = 00:00:48 . Memory (MB): peak = 2266.742 ; gain = 823.715
---------------------------------------------------------------------------------
---------------------------------------------------------------------------------
Start Renaming Generated Nets
---------------------------------------------------------------------------------
---------------------------------------------------------------------------------
Finished Renaming Generated Nets : Time (s): cpu = 00:00:43 ; elapsed = 00:00:48 . Memory (MB): peak = 2266.742 ; gain = 823.715
---------------------------------------------------------------------------------
---------------------------------------------------------------------------------
Start Writing Synthesis Report
---------------------------------------------------------------------------------

Report BlackBoxes: 
+-+--------------+----------+
| |BlackBox name |Instances |
+-+--------------+----------+
+-+--------------+----------+

Report Cell Usage: 
+------+----------+------+
|      |Cell      |Count |
+------+----------+------+
|1     |BUFG      |     1|
|2     |PLLE4_ADV |     1|
|3     |IBUFDS    |     1|
+------+----------+------+
---------------------------------------------------------------------------------
Finished Writing Synthesis Report : Time (s): cpu = 00:00:43 ; elapsed = 00:00:48 . Memory (MB): peak = 2266.742 ; gain = 823.715
---------------------------------------------------------------------------------
Synthesis finished with 0 errors, 0 critical warnings and 0 warnings.
Synthesis Optimization Runtime : Time (s): cpu = 00:00:26 ; elapsed = 00:00:38 . Memory (MB): peak = 2266.742 ; gain = 775.121
Synthesis Optimization Complete : Time (s): cpu = 00:00:43 ; elapsed = 00:00:48 . Memory (MB): peak = 2266.742 ; gain = 823.715
INFO: [Project 1-571] Translating synthesized netlist
Netlist sorting complete. Time (s): cpu = 00:00:00 ; elapsed = 00:00:00 . Memory (MB): peak = 2266.742 ; gain = 0.000
INFO: [Netlist 29-17] Analyzing 3 Unisim elements for replacement
INFO: [Netlist 29-28] Unisim Transformation completed in 0 CPU seconds
INFO: [Project 1-570] Preparing netlist for logic optimization
INFO: [Opt 31-138] Pushed 0 inverter(s) to 0 load pin(s).
INFO: [Opt 31-326] The CLKFBOUT to CLKFBIN net for instance inst/plle4_adv_inst with COMPENSATION=INTERNAL is optimized away to aid design routability
Netlist sorting complete. Time (s): cpu = 00:00:00 ; elapsed = 00:00:00 . Memory (MB): peak = 2307.008 ; gain = 0.000
INFO: [Project 1-111] Unisim Transformation Summary:
  A total of 2 instances were transformed.
  BUFG => BUFGCE: 1 instance 
  IBUFDS => IBUFDS (DIFFINBUF, IBUFCTRL): 1 instance 

Synth Design complete, checksum: 5d995f7
INFO: [Common 17-83] Releasing license: Synthesis
33 Infos, 0 Warnings, 0 Critical Warnings and 0 Errors encountered.
synth_design completed successfully
synth_design: Time (s): cpu = 00:00:54 ; elapsed = 00:01:02 . Memory (MB): peak = 2307.008 ; gain = 1049.414
INFO: [Common 17-1381] The checkpoint 'C:/Users/wwwka/Desktop/my_cnn/denoise/denoise.runs/clk_wiz_0_synth_1/clk_wiz_0.dcp' has been generated.
INFO: [Coretcl 2-1648] Added synthesis output to IP cache for IP clk_wiz_0, cache-ID = 9c9d3665d064a0d8
INFO: [Common 17-1381] The checkpoint 'C:/Users/wwwka/Desktop/my_cnn/denoise/denoise.runs/clk_wiz_0_synth_1/clk_wiz_0.dcp' has been generated.
INFO: [runtcl-4] Executing : report_utilization -file clk_wiz_0_utilization_synth.rpt -pb clk_wiz_0_utilization_synth.pb
INFO: [Common 17-206] Exiting Vivado at Thu Aug 18 09:11:33 2022...
